0000000000021cf7 T __glapi_create_table_from_handle
0000000000021ded T __glapi_table_patch
0000000000023bf5 T _glAccum
000000000002b542 T _glActiveShaderProgram
00000000000253c3 T _glActiveTexture
00000000000253de T _glActiveTextureARB
000000000002408c T _glAlphaFunc
000000000002c273 T _glAlphaFuncx
0000000000024c30 T _glAreTexturesResident
0000000000020daa T _glAreTexturesResidentEXT
00000000000249e6 T _glArrayElement
0000000000024a01 T _glArrayElementEXT
000000000002955f T _glAttachObjectARB
0000000000026fff T _glAttachShader
0000000000021f37 T _glBegin
00000000000284f1 T _glBeginConditionalRender
000000000002850f T _glBeginConditionalRenderNV
0000000000026b97 T _glBeginQuery
0000000000026bb5 T _glBeginQueryARB
000000000002a7e1 T _glBeginQueryIndexed
000000000002852d T _glBeginTransformFeedback
000000000002701d T _glBindAttribLocation
000000000002703b T _glBindAttribLocationARB
0000000000026bd3 T _glBindBuffer
0000000000026bf1 T _glBindBufferARB
0000000000028548 T _glBindBufferBase
0000000000028566 T _glBindBufferRange
000000000002b2f7 T _glBindBuffersBase
000000000002b317 T _glBindBuffersRange
0000000000028586 T _glBindFragDataLocation
00000000000285a4 T _glBindFragDataLocationEXT
000000000002a051 T _glBindFragDataLocationIndexed
0000000000029749 T _glBindFramebuffer
000000000002be88 T _glBindFramebufferEXT
000000000002aead T _glBindImageTexture
000000000002b337 T _glBindImageTextures
0000000000028f7e T _glBindProgramARB
000000000002b560 T _glBindProgramPipeline
0000000000029767 T _glBindRenderbuffer
000000000002bea6 T _glBindRenderbufferEXT
000000000002a08f T _glBindSampler
000000000002b355 T _glBindSamplers
0000000000024a1c T _glBindTexture
0000000000024a3a T _glBindTextureEXT
000000000002b373 T _glBindTextures
000000000002a720 T _glBindTransformFeedback
0000000000029be7 T _glBindVertexArray
000000000002b063 T _glBindVertexBuffer
000000000002b391 T _glBindVertexBuffers
0000000000021f4f T _glBitmap
000000000002c7fe T _glBlendBarrier
0000000000024e0f T _glBlendColor
0000000000024e59 T _glBlendColorEXT
0000000000024ea3 T _glBlendEquation
0000000000024ebe T _glBlendEquationEXT
000000000002705b T _glBlendEquationSeparate
0000000000029f7b T _glBlendEquationSeparatei
0000000000029f5d T _glBlendEquationSeparateiARB
0000000000029fb7 T _glBlendEquationi
0000000000029f99 T _glBlendEquationiARB
00000000000240bc T _glBlendFunc
00000000000260d3 T _glBlendFuncSeparate
00000000000260f3 T _glBlendFuncSeparateEXT
0000000000029ff5 T _glBlendFuncSeparatei
0000000000029fd5 T _glBlendFuncSeparateiARB
000000000002a033 T _glBlendFunci
000000000002a015 T _glBlendFunciARB
0000000000029785 T _glBlitFramebuffer
0000000000026c0f T _glBufferData
0000000000026c2f T _glBufferDataARB
000000000002b297 T _glBufferStorage
0000000000026c4f T _glBufferSubData
0000000000026c6f T _glBufferSubDataARB
0000000000021eb9 T _glCallList
0000000000021ed1 T _glCallLists
00000000000297a5 T _glCheckFramebufferStatus
00000000000297c0 T _glCheckFramebufferStatusEXT
00000000000285c2 T _glClampColor
00000000000285e0 T _glClampColorARB
0000000000023a68 T _glClear
0000000000023a83 T _glClearAccum
000000000002afa8 T _glClearBufferData
000000000002afc8 T _glClearBufferSubData
00000000000285fe T _glClearBufferfi
000000000002862e T _glClearBufferfv
000000000002864c T _glClearBufferiv
000000000002866a T _glClearBufferuiv
0000000000023af6 T _glClearColor
000000000002c21c T _glClearColorIiEXT
000000000002c23c T _glClearColorIuiEXT
000000000002c291 T _glClearColorx
0000000000023b5b T _glClearDepth
000000000002a85b T _glClearDepthf
000000000002c2b1 T _glClearDepthx
0000000000023acd T _glClearIndex
0000000000023b40 T _glClearStencil
000000000002b2b7 T _glClearTexImage
000000000002b2d7 T _glClearTexSubImage
00000000000253f9 T _glClientActiveTexture
0000000000025414 T _glClientActiveTextureARB
0000000000029d55 T _glClientWaitSync
000000000002339f T _glClipPlane
000000000002c696 T _glClipPlanef
000000000002c6b4 T _glClipPlanex
0000000000021f9a T _glColor3b
0000000000021fb5 T _glColor3bv
0000000000021fcf T _glColor3d
000000000002200c T _glColor3dv
0000000000022026 T _glColor3f
0000000000022063 T _glColor3fv
000000000002207d T _glColor3i
0000000000022098 T _glColor3iv
00000000000220b5 T _glColor3s
00000000000220d3 T _glColor3sv
00000000000220f0 T _glColor3ub
000000000002210e T _glColor3ubv
000000000002212b T _glColor3ui
0000000000022149 T _glColor3uiv
0000000000022166 T _glColor3us
0000000000022184 T _glColor3usv
00000000000221a1 T _glColor4b
00000000000221c1 T _glColor4bv
00000000000221de T _glColor4d
0000000000022228 T _glColor4dv
0000000000022245 T _glColor4f
000000000002228f T _glColor4fv
00000000000222ac T _glColor4i
00000000000222cc T _glColor4iv
00000000000222e9 T _glColor4s
0000000000022309 T _glColor4sv
0000000000022326 T _glColor4ub
0000000000022346 T _glColor4ubv
0000000000022363 T _glColor4ui
0000000000022383 T _glColor4uiv
00000000000223a0 T _glColor4us
00000000000223c0 T _glColor4usv
000000000002c2cc T _glColor4x
0000000000023b9f T _glColorMask
00000000000286a8 T _glColorMaskIndexedEXT
0000000000028688 T _glColorMaski
00000000000233bd T _glColorMaterial
000000000002a242 T _glColorP3ui
000000000002a260 T _glColorP3uiv
000000000002a27e T _glColorP4ui
000000000002a29c T _glColorP4uiv
0000000000024a58 T _glColorPointer
000000000002b484 T _glColorPointerEXT
0000000000024ff1 T _glColorSubTable
0000000000024f19 T _glColorTable
0000000000024f39 T _glColorTableParameterfv
0000000000024f57 T _glColorTableParameteriv
0000000000027079 T _glCompileShader
0000000000027094 T _glCompileShaderARB
0000000000025dcf T _glCompressedTexImage1D
0000000000025def T _glCompressedTexImage1DARB
0000000000025e0f T _glCompressedTexImage2D
0000000000025e2f T _glCompressedTexImage2DARB
0000000000025e4f T _glCompressedTexImage3D
0000000000025e6f T _glCompressedTexImage3DARB
0000000000025e8f T _glCompressedTexSubImage1D
0000000000025eaf T _glCompressedTexSubImage1DARB
0000000000025ecf T _glCompressedTexSubImage2D
0000000000025eef T _glCompressedTexSubImage2DARB
0000000000025f0f T _glCompressedTexSubImage3D
0000000000025f2f T _glCompressedTexSubImage3DARB
0000000000025031 T _glConvolutionFilter1D
0000000000025051 T _glConvolutionFilter2D
0000000000025071 T _glConvolutionParameterf
00000000000250a1 T _glConvolutionParameterfv
00000000000250bf T _glConvolutionParameteri
00000000000250dd T _glConvolutionParameteriv
0000000000029d35 T _glCopyBufferSubData
0000000000025011 T _glCopyColorSubTable
0000000000024f75 T _glCopyColorTable
00000000000250fb T _glCopyConvolutionFilter1D
000000000002511b T _glCopyConvolutionFilter2D
000000000002b023 T _glCopyImageSubData
0000000000024293 T _glCopyPixels
0000000000024c4e T _glCopyTexImage1D
0000000000024c6e T _glCopyTexImage2D
0000000000024c8e T _glCopyTexSubImage1D
0000000000024cae T _glCopyTexSubImage2D
0000000000025383 T _glCopyTexSubImage3D
00000000000253a3 T _glCopyTexSubImage3DEXT
00000000000270b1 T _glCreateProgram
000000000002957f T _glCreateProgramObjectARB
00000000000270c8 T _glCreateShader
0000000000029596 T _glCreateShaderObjectARB
000000000002b57b T _glCreateShaderProgramv
00000000000233db T _glCullFace
000000000002bb34 T _glDebugMessageCallback
000000000002bb54 T _glDebugMessageCallbackARB
000000000002bb74 T _glDebugMessageControl
000000000002bb94 T _glDebugMessageControlARB
000000000002bbb4 T _glDebugMessageInsert
000000000002bbd4 T _glDebugMessageInsertARB
0000000000026c8f T _glDeleteBuffers
0000000000026cad T _glDeleteBuffersARB
00000000000297db T _glDeleteFramebuffers
00000000000297f9 T _glDeleteFramebuffersEXT
0000000000021eec T _glDeleteLists
00000000000295b1 T _glDeleteObjectARB
00000000000270e3 T _glDeleteProgram
000000000002b599 T _glDeleteProgramPipelines
0000000000028f9c T _glDeleteProgramsARB
0000000000026ccb T _glDeleteQueries
0000000000026ce9 T _glDeleteQueriesARB
0000000000029817 T _glDeleteRenderbuffers
0000000000029835 T _glDeleteRenderbuffersEXT
000000000002a0ad T _glDeleteSamplers
00000000000270fe T _glDeleteShader
0000000000029d75 T _glDeleteSync
0000000000024cce T _glDeleteTextures
000000000000d58e T _glDeleteTexturesEXT
000000000002a73e T _glDeleteTransformFeedbacks
0000000000029c02 T _glDeleteVertexArrays
0000000000024131 T _glDepthFunc
0000000000023bbf T _glDepthMask
000000000002466c T _glDepthRange
000000000002a96f T _glDepthRangeArrayv
000000000002a98d T _glDepthRangeIndexed
000000000002a884 T _glDepthRangef
000000000002c2ec T _glDepthRangex
00000000000295ce T _glDetachObjectARB
0000000000027119 T _glDetachShader
0000000000023c25 T _glDisable
0000000000024a78 T _glDisableClientState
00000000000286e6 T _glDisableIndexedEXT
0000000000027137 T _glDisableVertexAttribArray
0000000000027152 T _glDisableVertexAttribArrayARB
00000000000286c8 T _glDisablei
000000000002afe8 T _glDispatchCompute
000000000002b006 T _glDispatchComputeIndirect
0000000000024a93 T _glDrawArrays
0000000000024ab1 T _glDrawArraysEXT
000000000002a6c6 T _glDrawArraysIndirect
00000000000296a9 T _glDrawArraysInstanced
0000000000029689 T _glDrawArraysInstancedARB
000000000002adef T _glDrawArraysInstancedBaseInstance
00000000000296c9 T _glDrawArraysInstancedEXT
0000000000023a4d T _glDrawBuffer
000000000002716d T _glDrawBuffers
000000000002718b T _glDrawBuffersARB
00000000000271a9 T _glDrawBuffersATI
0000000000024acf T _glDrawElements
0000000000029e2b T _glDrawElementsBaseVertex
000000000002a6e4 T _glDrawElementsIndirect
0000000000029709 T _glDrawElementsInstanced
00000000000296e9 T _glDrawElementsInstancedARB
000000000002ae0f T _glDrawElementsInstancedBaseInstance
0000000000029e4b T _glDrawElementsInstancedBaseVertex
000000000002ae2f T _glDrawElementsInstancedBaseVertexBaseInstance
0000000000029729 T _glDrawElementsInstancedEXT
00000000000242d3 T _glDrawPixels
0000000000024ed9 T _glDrawRangeElements
0000000000029e6b T _glDrawRangeElementsBaseVertex
0000000000024ef9 T _glDrawRangeElementsEXT
000000000002a75c T _glDrawTransformFeedback
000000000002ae4f T _glDrawTransformFeedbackInstanced
000000000002a7ff T _glDrawTransformFeedbackStream
000000000002ae6d T _glDrawTransformFeedbackStreamInstanced
00000000000223dd T _glEdgeFlag
0000000000024aef T _glEdgeFlagPointer
000000000002b4a4 T _glEdgeFlagPointerEXT
00000000000223f8 T _glEdgeFlagv
0000000000023c40 T _glEnable
0000000000024b0d T _glEnableClientState
0000000000028722 T _glEnableIndexedEXT
00000000000271c7 T _glEnableVertexAttribArray
00000000000271e2 T _glEnableVertexAttribArrayARB
0000000000028704 T _glEnablei
0000000000022415 T _glEnd
0000000000028740 T _glEndConditionalRender
0000000000028757 T _glEndConditionalRenderNV
0000000000021ea5 T _glEndList
0000000000026d07 T _glEndQuery
0000000000026d22 T _glEndQueryARB
000000000002a81d T _glEndQueryIndexed
000000000002876e T _glEndTransformFeedback
0000000000023ee3 T _glEvalCoord1d
0000000000023f0c T _glEvalCoord1dv
0000000000023f29 T _glEvalCoord1f
0000000000023f52 T _glEvalCoord1fv
0000000000023f6f T _glEvalCoord2d
0000000000023fa5 T _glEvalCoord2dv
0000000000023fc2 T _glEvalCoord2f
0000000000023ff8 T _glEvalCoord2fv
0000000000024015 T _glEvalMesh1
000000000002404e T _glEvalMesh2
0000000000024033 T _glEvalPoint1
000000000002406e T _glEvalPoint2
0000000000023969 T _glFeedbackBuffer
0000000000029d92 T _glFenceSync
0000000000023c5b T _glFinish
0000000000023c72 T _glFlush
0000000000029ba9 T _glFlushMappedBufferRange
0000000000026113 T _glFogCoordPointer
0000000000026131 T _glFogCoordPointerEXT
000000000002614f T _glFogCoordd
0000000000026178 T _glFogCoorddEXT
00000000000261a1 T _glFogCoorddv
00000000000261be T _glFogCoorddvEXT
000000000002be0e T _glFogCoordf
000000000002bde5 T _glFogCoordfEXT
000000000002be54 T _glFogCoordfv
000000000002be37 T _glFogCoordfvEXT
00000000000233f6 T _glFogf
0000000000023426 T _glFogfv
0000000000023444 T _glFogi
0000000000023462 T _glFogiv
000000000002c30a T _glFogx
000000000002c328 T _glFogxv
000000000002b11f T _glFramebufferParameteri
0000000000029853 T _glFramebufferRenderbuffer
0000000000029873 T _glFramebufferRenderbufferEXT
0000000000028e79 T _glFramebufferTexture
0000000000029893 T _glFramebufferTexture1D
00000000000298b3 T _glFramebufferTexture1DEXT
00000000000298d3 T _glFramebufferTexture2D
00000000000298f3 T _glFramebufferTexture2DEXT
0000000000029913 T _glFramebufferTexture3D
0000000000029933 T _glFramebufferTexture3DEXT
0000000000029953 T _glFramebufferTextureLayer
0000000000029973 T _glFramebufferTextureLayerEXT
0000000000023480 T _glFrontFace
00000000000246a2 T _glFrustum
000000000002c346 T _glFrustumf
000000000002c3a4 T _glFrustumx
0000000000026d3d T _glGenBuffers
0000000000026d5b T _glGenBuffersARB
0000000000029993 T _glGenFramebuffers
00000000000299b1 T _glGenFramebuffersEXT
0000000000021f07 T _glGenLists
000000000002b5b7 T _glGenProgramPipelines
0000000000028fba T _glGenProgramsARB
0000000000026d79 T _glGenQueries
0000000000026d97 T _glGenQueriesARB
00000000000299cf T _glGenRenderbuffers
00000000000299ed T _glGenRenderbuffersEXT
000000000002a0cb T _glGenSamplers
0000000000024cec T _glGenTextures
000000000000d706 T _glGenTexturesEXT
000000000002a77a T _glGenTransformFeedbacks
0000000000029c20 T _glGenVertexArrays
0000000000029a0b T _glGenerateMipmap
0000000000029a26 T _glGenerateMipmapEXT
000000000002ae8d T _glGetActiveAtomicCounterBufferiv
00000000000271fd T _glGetActiveAttrib
000000000002721d T _glGetActiveAttribARB
000000000002723d T _glGetActiveUniform
000000000002725d T _glGetActiveUniformARB
0000000000029c59 T _glGetActiveUniformBlockName
0000000000029c79 T _glGetActiveUniformBlockiv
0000000000029c99 T _glGetActiveUniformName
0000000000029cb9 T _glGetActiveUniformsiv
00000000000295ee T _glGetAttachedObjectsARB
000000000002727d T _glGetAttachedShaders
000000000002729d T _glGetAttribLocation
00000000000272bb T _glGetAttribLocationARB
00000000000287a3 T _glGetBooleanIndexedvEXT
0000000000028785 T _glGetBooleani_v
00000000000242f3 T _glGetBooleanv
0000000000028e99 T _glGetBufferParameteri64v
0000000000026db5 T _glGetBufferParameteriv
0000000000026dd3 T _glGetBufferParameterivARB
0000000000026df1 T _glGetBufferPointerv
0000000000026e0f T _glGetBufferPointervARB
0000000000026e2d T _glGetBufferSubData
0000000000026e4d T _glGetBufferSubDataARB
0000000000024311 T _glGetClipPlane
000000000002c6d2 T _glGetClipPlanef
000000000002c6f0 T _glGetClipPlanex
0000000000024f95 T _glGetColorTable
0000000000024fb5 T _glGetColorTableParameterfv
0000000000024fd3 T _glGetColorTableParameteriv
0000000000025f4f T _glGetCompressedTexImage
0000000000025f6d T _glGetCompressedTexImageARB
000000000002513b T _glGetConvolutionFilter
000000000002515b T _glGetConvolutionParameterfv
0000000000025179 T _glGetConvolutionParameteriv
000000000002bbf4 T _glGetDebugMessageLog
000000000002bc14 T _glGetDebugMessageLogARB
000000000002a9c7 T _glGetDoublei_v
000000000002432f T _glGetDoublev
000000000002434d T _glGetError
000000000002c70e T _glGetFixedv
000000000002a9e5 T _glGetFloati_v
0000000000024364 T _glGetFloatv
000000000002a071 T _glGetFragDataIndex
00000000000287c1 T _glGetFragDataLocation
00000000000287df T _glGetFragDataLocationEXT
0000000000029a41 T _glGetFramebufferAttachmentParameteriv
0000000000029a61 T _glGetFramebufferAttachmentParameterivEXT
000000000002b13d T _glGetFramebufferParameteriv
000000000002ab00 T _glGetGraphicsResetStatus
000000000002aae9 T _glGetGraphicsResetStatusARB
000000000002960e T _glGetHandleARB
00000000000251d7 T _glGetHistogram
00000000000251f7 T _glGetHistogramParameterfv
0000000000025215 T _glGetHistogramParameteriv
0000000000029629 T _glGetInfoLogARB
0000000000028eb7 T _glGetInteger64i_v
0000000000029db0 T _glGetInteger64v
000000000002881b T _glGetIntegerIndexedvEXT
00000000000287fd T _glGetIntegeri_v
0000000000024382 T _glGetIntegerv
00000000000243a0 T _glGetLightfv
00000000000243be T _glGetLightiv
000000000002c72c T _glGetLightxv
00000000000243dc T _glGetMapdv
00000000000243fa T _glGetMapfv
0000000000024418 T _glGetMapiv
0000000000024436 T _glGetMaterialfv
0000000000024454 T _glGetMaterialiv
000000000002c74a T _glGetMaterialxv
0000000000025233 T _glGetMinmax
0000000000025253 T _glGetMinmaxParameterfv
0000000000025271 T _glGetMinmaxParameteriv
0000000000029ee1 T _glGetMultisamplefv
000000000002bc34 T _glGetObjectLabel
0000000000029649 T _glGetObjectParameterfvARB
0000000000029669 T _glGetObjectParameterivARB
000000000002bc54 T _glGetObjectPtrLabel
0000000000024472 T _glGetPixelMapfv
0000000000024490 T _glGetPixelMapuiv
00000000000244ae T _glGetPixelMapusv
0000000000024d0a T _glGetPointerv
0000000000024d28 T _glGetPointervEXT
00000000000244cc T _glGetPolygonStipple
000000000002a911 T _glGetProgramBinary
0000000000028fd8 T _glGetProgramEnvParameterdvARB
0000000000028ff6 T _glGetProgramEnvParameterfvARB
00000000000272db T _glGetProgramInfoLog
000000000002b19b T _glGetProgramInterfaceiv
0000000000029014 T _glGetProgramLocalParameterdvARB
0000000000029032 T _glGetProgramLocalParameterfvARB
000000000002b5d5 T _glGetProgramPipelineInfoLog
000000000002b5f5 T _glGetProgramPipelineiv
000000000002b1bb T _glGetProgramResourceIndex
000000000002b1d9 T _glGetProgramResourceLocation
000000000002b1f7 T _glGetProgramResourceName
000000000002b217 T _glGetProgramResourceiv
0000000000029050 T _glGetProgramStringARB
00000000000272fb T _glGetProgramiv
000000000002906e T _glGetProgramivARB
000000000002a83b T _glGetQueryIndexediv
0000000000026e6d T _glGetQueryObjectiv
0000000000026e8b T _glGetQueryObjectivARB
0000000000026ea9 T _glGetQueryObjectuiv
0000000000026ec7 T _glGetQueryObjectuivARB
0000000000026ee5 T _glGetQueryiv
0000000000026f03 T _glGetQueryivARB
0000000000029a81 T _glGetRenderbufferParameteriv
0000000000029a9f T _glGetRenderbufferParameterivEXT
000000000002a0e9 T _glGetSamplerParameterIiv
000000000002a107 T _glGetSamplerParameterIuiv
000000000002a125 T _glGetSamplerParameterfv
000000000002a143 T _glGetSamplerParameteriv
0000000000025197 T _glGetSeparableFilter
0000000000027319 T _glGetShaderInfoLog
000000000002a8ba T _glGetShaderPrecisionFormat
0000000000027339 T _glGetShaderSource
0000000000027359 T _glGetShaderSourceARB
0000000000027379 T _glGetShaderiv
00000000000244e9 T _glGetString
0000000000028839 T _glGetStringi
0000000000029dce T _glGetSynciv
0000000000024504 T _glGetTexEnvfv
0000000000024522 T _glGetTexEnviv
000000000002c768 T _glGetTexEnvxv
0000000000024540 T _glGetTexGendv
000000000002455e T _glGetTexGenfv
000000000002457c T _glGetTexGeniv
000000000002459a T _glGetTexImage
00000000000245f6 T _glGetTexLevelParameterfv
0000000000024616 T _glGetTexLevelParameteriv
0000000000028857 T _glGetTexParameterIiv
0000000000028875 T _glGetTexParameterIivEXT
0000000000028893 T _glGetTexParameterIuiv
00000000000288b1 T _glGetTexParameterIuivEXT
00000000000245ba T _glGetTexParameterfv
00000000000245d8 T _glGetTexParameteriv
000000000002c786 T _glGetTexParameterxv
00000000000288cf T _glGetTransformFeedbackVarying
0000000000029cd9 T _glGetUniformBlockIndex
0000000000029cf7 T _glGetUniformIndices
0000000000027397 T _glGetUniformLocation
00000000000273b5 T _glGetUniformLocationARB
00000000000273d5 T _glGetUniformfv
00000000000273f3 T _glGetUniformfvARB
0000000000027413 T _glGetUniformiv
0000000000027431 T _glGetUniformivARB
00000000000288ef T _glGetUniformuiv
000000000002890d T _glGetUniformuivEXT
000000000002892b T _glGetVertexAttribIiv
0000000000028949 T _glGetVertexAttribIivEXT
0000000000028967 T _glGetVertexAttribIuiv
0000000000028985 T _glGetVertexAttribIuivEXT
0000000000027451 T _glGetVertexAttribPointerv
000000000002746f T _glGetVertexAttribPointervARB
000000000002748d T _glGetVertexAttribdv
00000000000274ab T _glGetVertexAttribdvARB
00000000000274c9 T _glGetVertexAttribfv
00000000000274e7 T _glGetVertexAttribfvARB
0000000000027505 T _glGetVertexAttribiv
0000000000027523 T _glGetVertexAttribivARB
000000000002ab17 T _glGetnColorTableARB
000000000002ab37 T _glGetnCompressedTexImageARB
000000000002ab57 T _glGetnConvolutionFilterARB
000000000002ab77 T _glGetnHistogramARB
000000000002ab97 T _glGetnMapdvARB
000000000002abb7 T _glGetnMapfvARB
000000000002abd7 T _glGetnMapivARB
000000000002abf7 T _glGetnMinmaxARB
000000000002ac17 T _glGetnPixelMapfvARB
000000000002ac35 T _glGetnPixelMapuivARB
000000000002ac53 T _glGetnPixelMapusvARB
000000000002ac71 T _glGetnPolygonStippleARB
000000000002ac8f T _glGetnSeparableFilterARB
000000000002acaf T _glGetnTexImageARB
000000000002accf T _glGetnUniformdvARB
000000000002ad0f T _glGetnUniformfv
000000000002acef T _glGetnUniformfvARB
000000000002ad4f T _glGetnUniformiv
000000000002ad2f T _glGetnUniformivARB
000000000002ad8f T _glGetnUniformuiv
000000000002ad6f T _glGetnUniformuivARB
000000000002349b T _glHint
000000000002528f T _glHistogram
0000000000023bda T _glIndexMask
0000000000024b28 T _glIndexPointer
000000000002b4c2 T _glIndexPointerEXT
000000000002242c T _glIndexd
0000000000022455 T _glIndexdv
0000000000022472 T _glIndexf
000000000002249b T _glIndexfv
00000000000224b8 T _glIndexi
00000000000224d3 T _glIndexiv
00000000000224f0 T _glIndexs
000000000002250b T _glIndexsv
0000000000024b46 T _glIndexub
0000000000024b61 T _glIndexubv
00000000000239c0 T _glInitNames
0000000000024b7e T _glInterleavedArrays
000000000002b3b1 T _glInvalidateBufferData
000000000002b3cc T _glInvalidateBufferSubData
000000000002b3ea T _glInvalidateFramebuffer
000000000002b408 T _glInvalidateSubFramebuffer
000000000002b428 T _glInvalidateTexImage
000000000002b446 T _glInvalidateTexSubImage
0000000000026f21 T _glIsBuffer
0000000000026f3c T _glIsBufferARB
0000000000024636 T _glIsEnabled
00000000000289c1 T _glIsEnabledIndexedEXT
00000000000289a3 T _glIsEnabledi
0000000000029abd T _glIsFramebuffer
0000000000029ad8 T _glIsFramebufferEXT
0000000000024651 T _glIsList
0000000000027541 T _glIsProgram
000000000002908c T _glIsProgramARB
000000000002b613 T _glIsProgramPipeline
0000000000026f57 T _glIsQuery
0000000000026f72 T _glIsQueryARB
0000000000029af3 T _glIsRenderbuffer
0000000000029b0e T _glIsRenderbufferEXT
000000000002a161 T _glIsSampler
000000000002755c T _glIsShader
0000000000029dee T _glIsSync
0000000000024d46 T _glIsTexture
000000000000d824 T _glIsTextureEXT
000000000002a798 T _glIsTransformFeedback
0000000000029c3e T _glIsVertexArray
0000000000023543 T _glLightModelf
0000000000023573 T _glLightModelfv
0000000000023591 T _glLightModeli
00000000000235af T _glLightModeliv
000000000002c3c4 T _glLightModelx
000000000002c3e2 T _glLightModelxv
00000000000234b9 T _glLightf
00000000000234e9 T _glLightfv
0000000000023507 T _glLighti
0000000000023525 T _glLightiv
000000000002c400 T _glLightx
000000000002c41e T _glLightxv
00000000000235cd T _glLineStipple
00000000000235eb T _glLineWidth
000000000002c43c T _glLineWidthx
0000000000027577 T _glLinkProgram
0000000000027592 T _glLinkProgramARB
0000000000021f1f T _glListBase
0000000000024700 T _glLoadIdentity
0000000000024734 T _glLoadMatrixd
0000000000024717 T _glLoadMatrixf
000000000002c457 T _glLoadMatrixx
00000000000239d7 T _glLoadName
0000000000025f8b T _glLoadTransposeMatrixd
0000000000025fa8 T _glLoadTransposeMatrixdARB
0000000000025fc5 T _glLoadTransposeMatrixf
0000000000025fe2 T _glLoadTransposeMatrixfARB
000000000002b62e T _glLockArraysEXT
00000000000240da T _glLogicOp
0000000000023cbb T _glMap1d
0000000000023cf7 T _glMap1f
0000000000023d33 T _glMap2d
0000000000023d83 T _glMap2f
0000000000026f8d T _glMapBuffer
0000000000026fab T _glMapBufferARB
0000000000029bc7 T _glMapBufferRange
0000000000023dd3 T _glMapGrid1d
0000000000023e0d T _glMapGrid1f
0000000000023e47 T _glMapGrid2d
0000000000023e95 T _glMapGrid2f
0000000000023614 T _glMaterialf
0000000000023644 T _glMaterialfv
0000000000023662 T _glMateriali
0000000000023680 T _glMaterialiv
000000000002c474 T _glMaterialx
000000000002c492 T _glMaterialxv
0000000000024751 T _glMatrixMode
000000000002aecd T _glMemoryBarrier
0000000000028f63 T _glMemoryBarrierByRegion
0000000000028f11 T _glMinSampleShading
0000000000028f3a T _glMinSampleShadingARB
00000000000252af T _glMinmax
0000000000024789 T _glMultMatrixd
000000000002476c T _glMultMatrixf
000000000002c4b0 T _glMultMatrixx
0000000000025fff T _glMultTransposeMatrixd
000000000002601c T _glMultTransposeMatrixdARB
0000000000026039 T _glMultTransposeMatrixf
0000000000026056 T _glMultTransposeMatrixfARB
00000000000261db T _glMultiDrawArrays
00000000000261fb T _glMultiDrawArraysEXT
000000000002b15b T _glMultiDrawArraysIndirect
000000000002bdc5 T _glMultiDrawElements
0000000000029e8b T _glMultiDrawElementsBaseVertex
000000000002bda5 T _glMultiDrawElementsEXT
000000000002b17b T _glMultiDrawElementsIndirect
000000000002542f T _glMultiTexCoord1d
000000000002545f T _glMultiTexCoord1dARB
000000000002548f T _glMultiTexCoord1dv
00000000000254ad T _glMultiTexCoord1dvARB
00000000000254fb T _glMultiTexCoord1f
00000000000254cb T _glMultiTexCoord1fARB
0000000000025549 T _glMultiTexCoord1fv
000000000002552b T _glMultiTexCoord1fvARB
0000000000025567 T _glMultiTexCoord1i
0000000000025585 T _glMultiTexCoord1iARB
00000000000255a3 T _glMultiTexCoord1iv
00000000000255c1 T _glMultiTexCoord1ivARB
00000000000255df T _glMultiTexCoord1s
00000000000255fd T _glMultiTexCoord1sARB
000000000002561b T _glMultiTexCoord1sv
0000000000025639 T _glMultiTexCoord1svARB
0000000000025657 T _glMultiTexCoord2d
0000000000025691 T _glMultiTexCoord2dARB
00000000000256cb T _glMultiTexCoord2dv
00000000000256e9 T _glMultiTexCoord2dvARB
0000000000025741 T _glMultiTexCoord2f
0000000000025707 T _glMultiTexCoord2fARB
0000000000025799 T _glMultiTexCoord2fv
000000000002577b T _glMultiTexCoord2fvARB
00000000000257b7 T _glMultiTexCoord2i
00000000000257d5 T _glMultiTexCoord2iARB
00000000000257f3 T _glMultiTexCoord2iv
0000000000025811 T _glMultiTexCoord2ivARB
000000000002582f T _glMultiTexCoord2s
000000000002584d T _glMultiTexCoord2sARB
000000000002586b T _glMultiTexCoord2sv
0000000000025889 T _glMultiTexCoord2svARB
00000000000258a7 T _glMultiTexCoord3d
00000000000258eb T _glMultiTexCoord3dARB
000000000002592f T _glMultiTexCoord3dv
000000000002594d T _glMultiTexCoord3dvARB
00000000000259af T _glMultiTexCoord3f
000000000002596b T _glMultiTexCoord3fARB
0000000000025a11 T _glMultiTexCoord3fv
00000000000259f3 T _glMultiTexCoord3fvARB
0000000000025a2f T _glMultiTexCoord3i
0000000000025a4f T _glMultiTexCoord3iARB
0000000000025a6f T _glMultiTexCoord3iv
0000000000025a8d T _glMultiTexCoord3ivARB
0000000000025aab T _glMultiTexCoord3s
0000000000025acb T _glMultiTexCoord3sARB
0000000000025aeb T _glMultiTexCoord3sv
0000000000025b09 T _glMultiTexCoord3svARB
0000000000025b27 T _glMultiTexCoord4d
0000000000025b75 T _glMultiTexCoord4dARB
0000000000025bc3 T _glMultiTexCoord4dv
0000000000025be1 T _glMultiTexCoord4dvARB
0000000000025c4d T _glMultiTexCoord4f
0000000000025bff T _glMultiTexCoord4fARB
0000000000025cb9 T _glMultiTexCoord4fv
0000000000025c9b T _glMultiTexCoord4fvARB
0000000000025cd7 T _glMultiTexCoord4i
0000000000025cf7 T _glMultiTexCoord4iARB
0000000000025d17 T _glMultiTexCoord4iv
0000000000025d35 T _glMultiTexCoord4ivARB
0000000000025d53 T _glMultiTexCoord4s
0000000000025d73 T _glMultiTexCoord4sARB
0000000000025d93 T _glMultiTexCoord4sv
0000000000025db1 T _glMultiTexCoord4svARB
000000000002c4cd T _glMultiTexCoord4x
000000000002a2ba T _glMultiTexCoordP1ui
000000000002a2d8 T _glMultiTexCoordP1uiv
000000000002a2f6 T _glMultiTexCoordP2ui
000000000002a314 T _glMultiTexCoordP2uiv
000000000002a332 T _glMultiTexCoordP3ui
000000000002a350 T _glMultiTexCoordP3uiv
000000000002a36e T _glMultiTexCoordP4ui
000000000002a38c T _glMultiTexCoordP4uiv
0000000000021e8b T _glNewList
0000000000022528 T _glNormal3b
0000000000022546 T _glNormal3bv
0000000000022563 T _glNormal3d
00000000000225a3 T _glNormal3dv
00000000000225c0 T _glNormal3f
0000000000022600 T _glNormal3fv
000000000002261d T _glNormal3i
000000000002263b T _glNormal3iv
0000000000022658 T _glNormal3s
0000000000022676 T _glNormal3sv
000000000002c4ed T _glNormal3x
000000000002a3aa T _glNormalP3ui
000000000002a3c8 T _glNormalP3uiv
0000000000024b9c T _glNormalPointer
000000000002b4e2 T _glNormalPointerEXT
000000000002bc74 T _glObjectLabel
000000000002bc94 T _glObjectPtrLabel
00000000000247a6 T _glOrtho
000000000002c50b T _glOrthof
000000000002c569 T _glOrthox
00000000000239f2 T _glPassThrough
000000000002a702 T _glPatchParameteri
000000000002a7b3 T _glPauseTransformFeedback
000000000002421e T _glPixelMapfv
000000000002423c T _glPixelMapuiv
000000000002425a T _glPixelMapusv
00000000000241d0 T _glPixelStoref
0000000000024200 T _glPixelStorei
0000000000024182 T _glPixelTransferf
00000000000241b2 T _glPixelTransferi
000000000002414c T _glPixelZoom
000000000002621b T _glPointParameterf
000000000002624b T _glPointParameterfARB
000000000002627b T _glPointParameterfEXT
00000000000262ab T _glPointParameterfv
00000000000262c9 T _glPointParameterfvARB
00000000000262e7 T _glPointParameterfvEXT
0000000000026305 T _glPointParameteri
0000000000026323 T _glPointParameteriv
000000000002c7a4 T _glPointParameterx
000000000002c7c2 T _glPointParameterxv
000000000002369e T _glPointSize
000000000002b466 T _glPointSizePointerOES
000000000002c589 T _glPointSizex
00000000000236c7 T _glPolygonMode
0000000000024bba T _glPolygonOffset
000000000002c5a4 T _glPolygonOffsetx
00000000000236e5 T _glPolygonStipple
0000000000023c89 T _glPopAttrib
0000000000024ddd T _glPopClientAttrib
000000000002bcb4 T _glPopDebugGroup
0000000000024804 T _glPopMatrix
0000000000023a1b T _glPopName
000000000002c815 T _glPrimitiveBoundingBox
0000000000028e07 T _glPrimitiveRestartIndex
0000000000028e22 T _glPrimitiveRestartIndexNV
000000000002be71 T _glPrimitiveRestartNV
0000000000024d61 T _glPrioritizeTextures
0000000000024d7f T _glPrioritizeTexturesEXT
000000000002a931 T _glProgramBinary
00000000000290a7 T _glProgramEnvParameter4dARB
00000000000290f5 T _glProgramEnvParameter4dvARB
0000000000029113 T _glProgramEnvParameter4fARB
0000000000029161 T _glProgramEnvParameter4fvARB
000000000002917f T _glProgramLocalParameter4dARB
00000000000291cd T _glProgramLocalParameter4dvARB
00000000000291eb T _glProgramLocalParameter4fARB
0000000000029239 T _glProgramLocalParameter4fvARB
000000000002a951 T _glProgramParameteri
0000000000029257 T _glProgramStringARB
000000000002b64c T _glProgramUniform1f
000000000002b67c T _glProgramUniform1fv
000000000002b69c T _glProgramUniform1i
000000000002b6ba T _glProgramUniform1iv
000000000002b6da T _glProgramUniform1ui
000000000002b6f8 T _glProgramUniform1uiv
000000000002b718 T _glProgramUniform2f
000000000002b752 T _glProgramUniform2fv
000000000002b772 T _glProgramUniform2i
000000000002b792 T _glProgramUniform2iv
000000000002b7b2 T _glProgramUniform2ui
000000000002b7d2 T _glProgramUniform2uiv
000000000002b7f2 T _glProgramUniform3f
000000000002b836 T _glProgramUniform3fv
000000000002b856 T _glProgramUniform3i
000000000002b876 T _glProgramUniform3iv
000000000002b896 T _glProgramUniform3ui
000000000002b8b6 T _glProgramUniform3uiv
000000000002b8d6 T _glProgramUniform4f
000000000002b924 T _glProgramUniform4fv
000000000002b944 T _glProgramUniform4i
000000000002b964 T _glProgramUniform4iv
000000000002b984 T _glProgramUniform4ui
000000000002b9a4 T _glProgramUniform4uiv
000000000002b9c4 T _glProgramUniformMatrix2fv
000000000002b9e4 T _glProgramUniformMatrix2x3fv
000000000002ba04 T _glProgramUniformMatrix2x4fv
000000000002ba24 T _glProgramUniformMatrix3fv
000000000002ba44 T _glProgramUniformMatrix3x2fv
000000000002ba64 T _glProgramUniformMatrix3x4fv
000000000002ba84 T _glProgramUniformMatrix4fv
000000000002baa4 T _glProgramUniformMatrix4x2fv
000000000002bac4 T _glProgramUniformMatrix4x3fv
0000000000029eab T _glProvokingVertex
0000000000029ec6 T _glProvokingVertexEXT
0000000000023ca0 T _glPushAttrib
0000000000024df4 T _glPushClientAttrib
000000000002bccb T _glPushDebugGroup
000000000002481b T _glPushMatrix
0000000000023a32 T _glPushName
0000000000022693 T _glRasterPos2d
00000000000226c9 T _glRasterPos2dv
00000000000226e6 T _glRasterPos2f
000000000002271c T _glRasterPos2fv
0000000000022739 T _glRasterPos2i
0000000000022757 T _glRasterPos2iv
0000000000022774 T _glRasterPos2s
0000000000022792 T _glRasterPos2sv
00000000000227af T _glRasterPos3d
00000000000227ef T _glRasterPos3dv
000000000002280c T _glRasterPos3f
000000000002284c T _glRasterPos3fv
0000000000022869 T _glRasterPos3i
0000000000022887 T _glRasterPos3iv
00000000000228a4 T _glRasterPos3s
00000000000228c2 T _glRasterPos3sv
00000000000228df T _glRasterPos4d
0000000000022929 T _glRasterPos4dv
0000000000022946 T _glRasterPos4f
0000000000022990 T _glRasterPos4fv
00000000000229ad T _glRasterPos4i
00000000000229cd T _glRasterPos4iv
00000000000229ea T _glRasterPos4s
0000000000022a0a T _glRasterPos4sv
0000000000024278 T _glReadBuffer
00000000000242b3 T _glReadPixels
000000000002adcf T _glReadnPixels
000000000002adaf T _glReadnPixelsARB
0000000000022a27 T _glRectd
0000000000022a71 T _glRectdv
0000000000022a91 T _glRectf
0000000000022adb T _glRectfv
0000000000022afb T _glRecti
0000000000022b1b T _glRectiv
0000000000022b3b T _glRects
0000000000022b5b T _glRectsv
000000000002a8da T _glReleaseShaderCompiler
00000000000239a5 T _glRenderMode
0000000000029b29 T _glRenderbufferStorage
0000000000029b49 T _glRenderbufferStorageEXT
0000000000029b69 T _glRenderbufferStorageMultisample
0000000000029b89 T _glRenderbufferStorageMultisampleEXT
00000000000252cd T _glResetHistogram
00000000000252e8 T _glResetMinmax
000000000002a7ca T _glResumeTransformFeedback
0000000000024832 T _glRotated
000000000002487c T _glRotatef
000000000002c5c2 T _glRotatex
0000000000026073 T _glSampleCoverage
00000000000260a3 T _glSampleCoverageARB
000000000002c5e2 T _glSampleCoveragex
0000000000029eff T _glSampleMaski
000000000002a17c T _glSamplerParameterIiv
000000000002a19a T _glSamplerParameterIuiv
000000000002a1b8 T _glSamplerParameterf
000000000002a1e8 T _glSamplerParameterfv
000000000002a206 T _glSamplerParameteri
000000000002a224 T _glSamplerParameteriv
00000000000248c6 T _glScaled
0000000000024906 T _glScalef
000000000002c600 T _glScalex
0000000000023702 T _glScissor
000000000002aa03 T _glScissorArrayv
000000000002aa21 T _glScissorIndexed
000000000002aa41 T _glScissorIndexedv
0000000000026341 T _glSecondaryColor3b
000000000002635f T _glSecondaryColor3bEXT
000000000002637d T _glSecondaryColor3bv
000000000002639a T _glSecondaryColor3bvEXT
00000000000263b7 T _glSecondaryColor3d
00000000000263f7 T _glSecondaryColor3dEXT
0000000000026437 T _glSecondaryColor3dv
0000000000026454 T _glSecondaryColor3dvEXT
000000000002bd2b T _glSecondaryColor3f
000000000002bceb T _glSecondaryColor3fEXT
000000000002bd88 T _glSecondaryColor3fv
000000000002bd6b T _glSecondaryColor3fvEXT
0000000000026471 T _glSecondaryColor3i
000000000002648f T _glSecondaryColor3iEXT
00000000000264ad T _glSecondaryColor3iv
00000000000264ca T _glSecondaryColor3ivEXT
00000000000264e7 T _glSecondaryColor3s
0000000000026505 T _glSecondaryColor3sEXT
0000000000026523 T _glSecondaryColor3sv
0000000000026540 T _glSecondaryColor3svEXT
000000000002655d T _glSecondaryColor3ub
000000000002657b T _glSecondaryColor3ubEXT
0000000000026599 T _glSecondaryColor3ubv
00000000000265b6 T _glSecondaryColor3ubvEXT
00000000000265d3 T _glSecondaryColor3ui
00000000000265f1 T _glSecondaryColor3uiEXT
000000000002660f T _glSecondaryColor3uiv
000000000002662c T _glSecondaryColor3uivEXT
0000000000026649 T _glSecondaryColor3us
0000000000026667 T _glSecondaryColor3usEXT
0000000000026685 T _glSecondaryColor3usv
00000000000266a2 T _glSecondaryColor3usvEXT
000000000002a3e6 T _glSecondaryColorP3ui
000000000002a404 T _glSecondaryColorP3uiv
00000000000266bf T _glSecondaryColorPointer
00000000000266df T _glSecondaryColorPointerEXT
0000000000023987 T _glSelectBuffer
00000000000251b7 T _glSeparableFilter2D
0000000000023722 T _glShadeModel
000000000002a8f1 T _glShaderBinary
00000000000275af T _glShaderSource
00000000000275cf T _glShaderSourceARB
00000000000240f5 T _glStencilFunc
00000000000275ef T _glStencilFuncSeparate
0000000000023b84 T _glStencilMask
000000000002760f T _glStencilMaskSeparate
0000000000024113 T _glStencilOp
000000000002762d T _glStencilOpSeparate
0000000000028e3d T _glTexBuffer
0000000000028e5b T _glTexBufferARB
000000000002b237 T _glTexBufferRange
0000000000022b7b T _glTexCoord1d
0000000000022ba4 T _glTexCoord1dv
0000000000022bc1 T _glTexCoord1f
0000000000022bea T _glTexCoord1fv
0000000000022c07 T _glTexCoord1i
0000000000022c22 T _glTexCoord1iv
0000000000022c3f T _glTexCoord1s
0000000000022c5a T _glTexCoord1sv
0000000000022c77 T _glTexCoord2d
0000000000022cad T _glTexCoord2dv
0000000000022cca T _glTexCoord2f
0000000000022d00 T _glTexCoord2fv
0000000000022d1d T _glTexCoord2i
0000000000022d3b T _glTexCoord2iv
0000000000022d58 T _glTexCoord2s
0000000000022d76 T _glTexCoord2sv
0000000000022d93 T _glTexCoord3d
0000000000022dd3 T _glTexCoord3dv
0000000000022df0 T _glTexCoord3f
0000000000022e30 T _glTexCoord3fv
0000000000022e4d T _glTexCoord3i
0000000000022e6b T _glTexCoord3iv
0000000000022e88 T _glTexCoord3s
0000000000022ea6 T _glTexCoord3sv
0000000000022ec3 T _glTexCoord4d
0000000000022f0d T _glTexCoord4dv
0000000000022f2a T _glTexCoord4f
0000000000022f74 T _glTexCoord4fv
0000000000022f91 T _glTexCoord4i
0000000000022fb1 T _glTexCoord4iv
0000000000022fce T _glTexCoord4s
0000000000022fee T _glTexCoord4sv
000000000002a422 T _glTexCoordP1ui
000000000002a440 T _glTexCoordP1uiv
000000000002a45e T _glTexCoordP2ui
000000000002a47c T _glTexCoordP2uiv
000000000002a49a T _glTexCoordP3ui
000000000002a4b8 T _glTexCoordP3uiv
000000000002a4d6 T _glTexCoordP4ui
000000000002a4f4 T _glTexCoordP4uiv
0000000000024bf0 T _glTexCoordPointer
000000000002b502 T _glTexCoordPointerEXT
0000000000023807 T _glTexEnvf
0000000000023837 T _glTexEnvfv
0000000000023855 T _glTexEnvi
0000000000023873 T _glTexEnviv
000000000002c61e T _glTexEnvx
000000000002c63c T _glTexEnvxv
0000000000023891 T _glTexGend
00000000000238c1 T _glTexGendv
00000000000238df T _glTexGenf
000000000002390f T _glTexGenfv
000000000002392d T _glTexGeni
000000000002394b T _glTexGeniv
00000000000237c7 T _glTexImage1D
00000000000237e7 T _glTexImage2D
0000000000029f1d T _glTexImage2DMultisample
0000000000025303 T _glTexImage3D
0000000000025323 T _glTexImage3DEXT
0000000000029f3d T _glTexImage3DMultisample
00000000000289df T _glTexParameterIiv
00000000000289fd T _glTexParameterIivEXT
0000000000028a1b T _glTexParameterIuiv
0000000000028a39 T _glTexParameterIuivEXT
000000000002373d T _glTexParameterf
000000000002376d T _glTexParameterfv
000000000002378b T _glTexParameteri
00000000000237a9 T _glTexParameteriv
000000000002c65a T _glTexParameterx
000000000002c7e0 T _glTexParameterxv
000000000002aee8 T _glTexStorage1D
000000000002af08 T _glTexStorage2D
000000000002b257 T _glTexStorage2DMultisample
000000000002af28 T _glTexStorage3D
000000000002b277 T _glTexStorage3DMultisample
0000000000024d9d T _glTexSubImage1D
0000000000024dbd T _glTexSubImage2D
0000000000025343 T _glTexSubImage3D
0000000000025363 T _glTexSubImage3DEXT
000000000002c25c T _glTextureBarrierNV
000000000002af48 T _glTextureStorage1DEXT
000000000002af68 T _glTextureStorage2DEXT
000000000002af88 T _glTextureStorage3DEXT
000000000002b043 T _glTextureView
0000000000028a57 T _glTransformFeedbackVaryings
0000000000024946 T _glTranslated
0000000000024986 T _glTranslatef
000000000002c678 T _glTranslatex
000000000002764d T _glUniform1f
000000000002767d T _glUniform1fARB
00000000000276ad T _glUniform1fv
00000000000276cb T _glUniform1fvARB
00000000000276e9 T _glUniform1i
0000000000027707 T _glUniform1iARB
0000000000027725 T _glUniform1iv
0000000000027743 T _glUniform1ivARB
0000000000028a77 T _glUniform1ui
0000000000028a95 T _glUniform1uiEXT
0000000000028ab3 T _glUniform1uiv
0000000000028ad1 T _glUniform1uivEXT
0000000000027761 T _glUniform2f
000000000002779b T _glUniform2fARB
00000000000277d5 T _glUniform2fv
00000000000277f3 T _glUniform2fvARB
0000000000027811 T _glUniform2i
000000000002782f T _glUniform2iARB
000000000002784d T _glUniform2iv
000000000002786b T _glUniform2ivARB
0000000000028aef T _glUniform2ui
0000000000028b0d T _glUniform2uiEXT
0000000000028b2b T _glUniform2uiv
0000000000028b49 T _glUniform2uivEXT
0000000000027889 T _glUniform3f
00000000000278cd T _glUniform3fARB
0000000000027911 T _glUniform3fv
000000000002792f T _glUniform3fvARB
000000000002794d T _glUniform3i
000000000002796d T _glUniform3iARB
000000000002798d T _glUniform3iv
00000000000279ab T _glUniform3ivARB
0000000000028b67 T _glUniform3ui
0000000000028b87 T _glUniform3uiEXT
0000000000028ba7 T _glUniform3uiv
0000000000028bc5 T _glUniform3uivEXT
00000000000279c9 T _glUniform4f
0000000000027a17 T _glUniform4fARB
0000000000027a65 T _glUniform4fv
0000000000027a83 T _glUniform4fvARB
0000000000027aa1 T _glUniform4i
0000000000027ac1 T _glUniform4iARB
0000000000027ae1 T _glUniform4iv
0000000000027aff T _glUniform4ivARB
0000000000028be3 T _glUniform4ui
0000000000028c03 T _glUniform4uiEXT
0000000000028c23 T _glUniform4uiv
0000000000028c41 T _glUniform4uivEXT
0000000000029d17 T _glUniformBlockBinding
0000000000027b1d T _glUniformMatrix2fv
0000000000027b3d T _glUniformMatrix2fvARB
0000000000028431 T _glUniformMatrix2x3fv
0000000000028451 T _glUniformMatrix2x4fv
0000000000027b5d T _glUniformMatrix3fv
0000000000027b7d T _glUniformMatrix3fvARB
0000000000028471 T _glUniformMatrix3x2fv
0000000000028491 T _glUniformMatrix3x4fv
0000000000027b9d T _glUniformMatrix4fv
0000000000027bbd T _glUniformMatrix4fvARB
00000000000284b1 T _glUniformMatrix4x2fv
00000000000284d1 T _glUniformMatrix4x3fv
000000000002bae4 T _glUnlockArraysEXT
0000000000026fc9 T _glUnmapBuffer
0000000000026fe4 T _glUnmapBufferARB
0000000000027bdd T _glUseProgram
0000000000027bf8 T _glUseProgramObjectARB
000000000002bafb T _glUseProgramStages
0000000000027c15 T _glValidateProgram
0000000000027c30 T _glValidateProgramARB
000000000002bb19 T _glValidateProgramPipeline
000000000002300b T _glVertex2d
0000000000023041 T _glVertex2dv
000000000002305e T _glVertex2f
0000000000023094 T _glVertex2fv
00000000000230b1 T _glVertex2i
00000000000230cf T _glVertex2iv
00000000000230ec T _glVertex2s
000000000002310a T _glVertex2sv
0000000000023127 T _glVertex3d
0000000000023167 T _glVertex3dv
0000000000023184 T _glVertex3f
00000000000231c4 T _glVertex3fv
00000000000231e1 T _glVertex3i
00000000000231ff T _glVertex3iv
000000000002321c T _glVertex3s
000000000002323a T _glVertex3sv
0000000000023257 T _glVertex4d
00000000000232a1 T _glVertex4dv
00000000000232be T _glVertex4f
0000000000023308 T _glVertex4fv
0000000000023325 T _glVertex4i
0000000000023345 T _glVertex4iv
0000000000023362 T _glVertex4s
0000000000023382 T _glVertex4sv
0000000000027c4d T _glVertexAttrib1d
0000000000027c7d T _glVertexAttrib1dARB
0000000000027cad T _glVertexAttrib1dv
0000000000027ccb T _glVertexAttrib1dvARB
00000000000292a7 T _glVertexAttrib1f
0000000000029277 T _glVertexAttrib1fARB
00000000000292f5 T _glVertexAttrib1fv
00000000000292d7 T _glVertexAttrib1fvARB
0000000000027ce9 T _glVertexAttrib1s
0000000000027d07 T _glVertexAttrib1sARB
0000000000027d25 T _glVertexAttrib1sv
0000000000027d43 T _glVertexAttrib1svARB
0000000000027d61 T _glVertexAttrib2d
0000000000027d9b T _glVertexAttrib2dARB
0000000000027dd5 T _glVertexAttrib2dv
0000000000027df3 T _glVertexAttrib2dvARB
000000000002934d T _glVertexAttrib2f
0000000000029313 T _glVertexAttrib2fARB
00000000000293a5 T _glVertexAttrib2fv
0000000000029387 T _glVertexAttrib2fvARB
0000000000027e11 T _glVertexAttrib2s
0000000000027e2f T _glVertexAttrib2sARB
0000000000027e4d T _glVertexAttrib2sv
0000000000027e6b T _glVertexAttrib2svARB
0000000000027e89 T _glVertexAttrib3d
0000000000027ecd T _glVertexAttrib3dARB
0000000000027f11 T _glVertexAttrib3dv
0000000000027f2f T _glVertexAttrib3dvARB
0000000000029407 T _glVertexAttrib3f
00000000000293c3 T _glVertexAttrib3fARB
0000000000029469 T _glVertexAttrib3fv
000000000002944b T _glVertexAttrib3fvARB
0000000000027f4d T _glVertexAttrib3s
0000000000027f6d T _glVertexAttrib3sARB
0000000000027f8d T _glVertexAttrib3sv
0000000000027fab T _glVertexAttrib3svARB
0000000000027fc9 T _glVertexAttrib4Nbv
0000000000027fe7 T _glVertexAttrib4NbvARB
0000000000028005 T _glVertexAttrib4Niv
0000000000028023 T _glVertexAttrib4NivARB
0000000000028041 T _glVertexAttrib4Nsv
000000000002805f T _glVertexAttrib4NsvARB
000000000002807d T _glVertexAttrib4Nub
000000000002809d T _glVertexAttrib4NubARB
00000000000280bd T _glVertexAttrib4Nubv
00000000000280db T _glVertexAttrib4NubvARB
00000000000280f9 T _glVertexAttrib4Nuiv
0000000000028117 T _glVertexAttrib4NuivARB
0000000000028135 T _glVertexAttrib4Nusv
0000000000028153 T _glVertexAttrib4NusvARB
0000000000028171 T _glVertexAttrib4bv
000000000002818f T _glVertexAttrib4bvARB
00000000000281ad T _glVertexAttrib4d
00000000000281fb T _glVertexAttrib4dARB
0000000000028249 T _glVertexAttrib4dv
0000000000028267 T _glVertexAttrib4dvARB
00000000000294d5 T _glVertexAttrib4f
0000000000029487 T _glVertexAttrib4fARB
0000000000029541 T _glVertexAttrib4fv
0000000000029523 T _glVertexAttrib4fvARB
0000000000028285 T _glVertexAttrib4iv
00000000000282a3 T _glVertexAttrib4ivARB
00000000000282c1 T _glVertexAttrib4s
00000000000282e1 T _glVertexAttrib4sARB
0000000000028301 T _glVertexAttrib4sv
000000000002831f T _glVertexAttrib4svARB
000000000002833d T _glVertexAttrib4ubv
000000000002835b T _glVertexAttrib4ubvARB
0000000000028379 T _glVertexAttrib4uiv
0000000000028397 T _glVertexAttrib4uivARB
00000000000283b5 T _glVertexAttrib4usv
00000000000283d3 T _glVertexAttrib4usvARB
000000000002b083 T _glVertexAttribBinding
0000000000028ed5 T _glVertexAttribDivisor
0000000000028ef3 T _glVertexAttribDivisorARB
000000000002b0a1 T _glVertexAttribFormat
000000000002bee2 T _glVertexAttribI1i
000000000002bec4 T _glVertexAttribI1iEXT
0000000000028c5f T _glVertexAttribI1iv
0000000000028c7d T _glVertexAttribI1ivEXT
000000000002bf1e T _glVertexAttribI1ui
000000000002bf00 T _glVertexAttribI1uiEXT
0000000000028c9b T _glVertexAttribI1uiv
0000000000028cb9 T _glVertexAttribI1uivEXT
000000000002bf5a T _glVertexAttribI2i
000000000002bf3c T _glVertexAttribI2iEXT
000000000002bf96 T _glVertexAttribI2iv
000000000002bf78 T _glVertexAttribI2ivEXT
000000000002bfd2 T _glVertexAttribI2ui
000000000002bfb4 T _glVertexAttribI2uiEXT
000000000002c00e T _glVertexAttribI2uiv
000000000002bff0 T _glVertexAttribI2uivEXT
000000000002c04c T _glVertexAttribI3i
000000000002c02c T _glVertexAttribI3iEXT
000000000002c08a T _glVertexAttribI3iv
000000000002c06c T _glVertexAttribI3ivEXT
000000000002c0c8 T _glVertexAttribI3ui
000000000002c0a8 T _glVertexAttribI3uiEXT
000000000002c106 T _glVertexAttribI3uiv
000000000002c0e8 T _glVertexAttribI3uivEXT
0000000000028cd7 T _glVertexAttribI4bv
0000000000028cf5 T _glVertexAttribI4bvEXT
000000000002c144 T _glVertexAttribI4i
000000000002c124 T _glVertexAttribI4iEXT
000000000002c182 T _glVertexAttribI4iv
000000000002c164 T _glVertexAttribI4ivEXT
0000000000028d13 T _glVertexAttribI4sv
0000000000028d31 T _glVertexAttribI4svEXT
0000000000028d4f T _glVertexAttribI4ubv
0000000000028d6d T _glVertexAttribI4ubvEXT
000000000002c1c0 T _glVertexAttribI4ui
000000000002c1a0 T _glVertexAttribI4uiEXT
000000000002c1fe T _glVertexAttribI4uiv
000000000002c1e0 T _glVertexAttribI4uivEXT
0000000000028d8b T _glVertexAttribI4usv
0000000000028da9 T _glVertexAttribI4usvEXT
000000000002b0c1 T _glVertexAttribIFormat
0000000000028dc7 T _glVertexAttribIPointer
0000000000028de7 T _glVertexAttribIPointerEXT
000000000002b0e1 T _glVertexAttribLFormat
000000000002a512 T _glVertexAttribP1ui
000000000002a532 T _glVertexAttribP1uiv
000000000002a552 T _glVertexAttribP2ui
000000000002a572 T _glVertexAttribP2uiv
000000000002a592 T _glVertexAttribP3ui
000000000002a5b2 T _glVertexAttribP3uiv
000000000002a5d2 T _glVertexAttribP4ui
000000000002a5f2 T _glVertexAttribP4uiv
00000000000283f1 T _glVertexAttribPointer
0000000000028411 T _glVertexAttribPointerARB
000000000002b101 T _glVertexBindingDivisor
000000000002a612 T _glVertexP2ui
000000000002a630 T _glVertexP2uiv
000000000002a64e T _glVertexP3ui
000000000002a66c T _glVertexP3uiv
000000000002a68a T _glVertexP4ui
000000000002a6a8 T _glVertexP4uiv
0000000000024c10 T _glVertexPointer
000000000002b522 T _glVertexPointerEXT
00000000000249c6 T _glViewport
000000000002aa5f T _glViewportArrayv
000000000002aa7d T _glViewportIndexedf
000000000002aacb T _glViewportIndexedfv
0000000000029e0b T _glWaitSync
00000000000266ff T _glWindowPos2d
0000000000026735 T _glWindowPos2dARB
000000000002676b T _glWindowPos2dv
0000000000026788 T _glWindowPos2dvARB
00000000000267a5 T _glWindowPos2f
00000000000267db T _glWindowPos2fARB
0000000000026811 T _glWindowPos2fv
000000000002682e T _glWindowPos2fvARB
000000000002684b T _glWindowPos2i
0000000000026869 T _glWindowPos2iARB
0000000000026887 T _glWindowPos2iv
00000000000268a4 T _glWindowPos2ivARB
00000000000268c1 T _glWindowPos2s
00000000000268df T _glWindowPos2sARB
00000000000268fd T _glWindowPos2sv
000000000002691a T _glWindowPos2svARB
0000000000026937 T _glWindowPos3d
0000000000026977 T _glWindowPos3dARB
00000000000269b7 T _glWindowPos3dv
00000000000269d4 T _glWindowPos3dvARB
00000000000269f1 T _glWindowPos3f
0000000000026a31 T _glWindowPos3fARB
0000000000026a71 T _glWindowPos3fv
0000000000026a8e T _glWindowPos3fvARB
0000000000026aab T _glWindowPos3i
0000000000026ac9 T _glWindowPos3iARB
0000000000026ae7 T _glWindowPos3iv
0000000000026b04 T _glWindowPos3ivARB
0000000000026b21 T _glWindowPos3s
0000000000026b3f T _glWindowPos3sARB
0000000000026b5d T _glWindowPos3sv
0000000000026b7a T _glWindowPos3svARB
000000000001821f T _glXChooseFBConfig
0000000000018678 T _glXChooseFBConfigSGIX
00000000000178f6 T _glXChooseVisual
0000000000017645 T _glXCopyContext
0000000000016ffa T _glXCreateContext
000000000001870a T _glXCreateContextWithConfigSGIX
00000000000176d9 T _glXCreateGLXPixmap
00000000000186d6 T _glXCreateGLXPixmapWithConfigSGIX
0000000000018497 T _glXCreateNewContext
000000000001ad7e T _glXCreatePbuffer
000000000001b056 T _glXCreatePixmap
000000000001b07f T _glXCreateWindow
0000000000017395 T _glXDestroyContext
000000000001b182 T _glXDestroyGLXPbufferSGIX
000000000001772f T _glXDestroyGLXPixmap
000000000001ae42 T _glXDestroyPbuffer
000000000001b145 T _glXDestroyPixmap
000000000001b17c T _glXDestroyWindow
00000000000181c8 T _glXFreeContextEXT
0000000000017ffe T _glXGetClientString
00000000000177c6 T _glXGetConfig
00000000000181b6 T _glXGetContextIDEXT
0000000000018ce3 T _glXGetCurrentContext
00000000000180d3 T _glXGetCurrentDisplay
00000000000180f9 T _glXGetCurrentDisplayEXT
0000000000018d05 T _glXGetCurrentDrawable
0000000000018584 T _glXGetCurrentReadDrawable
000000000001859d T _glXGetFBConfigAttrib
000000000001866e T _glXGetFBConfigAttribSGIX
000000000001879d T _glXGetFBConfigFromVisualSGIX
00000000000183dc T _glXGetFBConfigs
00000000000188c9 T _glXGetProcAddress
0000000000018836 T _glXGetProcAddressARB
000000000001afc4 T _glXGetSelectedEvent
000000000001b196 T _glXGetSelectedEventSGIX
000000000001861a T _glXGetVisualFromFBConfig
0000000000018682 T _glXGetVisualFromFBConfigSGIX
00000000000176c5 T _glXIsDirect
0000000000018f22 T _glXMakeContextCurrent
0000000000018d1e T _glXMakeCurrent
0000000000018f32 T _glXMakeCurrentReadSGI
000000000001811f T _glXQueryContext
00000000000181ac T _glXQueryContextInfoEXT
000000000001ae79 T _glXQueryDrawable
00000000000174a4 T _glXQueryExtension
0000000000017f72 T _glXQueryExtensionsString
000000000001802d T _glXQueryServerString
0000000000017466 T _glXQueryVersion
000000000001af45 T _glXSelectEvent
000000000001b18c T _glXSelectEventSGIX
0000000000017766 T _glXSwapBuffers
0000000000017556 T _glXUseXFont
0000000000017512 T _glXWaitGL
0000000000017534 T _glXWaitX
