HotlineMiami2
hook.dylib
libfmod.dylib
libsteam_api.dylib
SDL2
libz.1.dylib
libSystem.B.dylib
libcache.dylib
libcommonCrypto.dylib
libcompiler_rt.dylib
libcopyfile.dylib
libcorecrypto.dylib
libdispatch.dylib
libdyld.dylib
libkeymgr.dylib
libmacho.dylib
libquarantine.dylib
libremovefile.dylib
libsystem_asl.dylib
libsystem_blocks.dylib
libsystem_c.dylib
libsystem_collections.dylib
libsystem_configuration.dylib
libsystem_containermanager.dylib
libsystem_coreservices.dylib
libsystem_darwin.dylib
libsystem_dnssd.dylib
libsystem_featureflags.dylib
libsystem_info.dylib
libsystem_m.dylib
libsystem_malloc.dylib
libsystem_networkextension.dylib
libsystem_notify.dylib
libsystem_product_info_filter.dylib
libsystem_sandbox.dylib
libsystem_secinit.dylib
libsystem_kernel.dylib
libsystem_platform.dylib
libsystem_pthread.dylib
libsystem_symptoms.dylib
libsystem_trace.dylib
libunwind.dylib
libxpc.dylib
libc++abi.dylib
libobjc.A.dylib
liboah.dylib
libc++.1.dylib
Carbon
CommonPanels
Help
HIToolbox
ImageCapture
OpenScripting
Ink
Print
SecurityHI
SpeechRecognition
ApplicationServices
CoreServices
Foundation
CoreFoundation
CoreGraphics
CoreText
ImageIO
ColorSync
ATS
HIServices
PrintCore
QD
ColorSyncLegacy
SpeechSynthesis
SkyLight
libFontParser.dylib
Accelerate
IOSurface
libxml2.2.dylib
CFNetwork
RunningBoardServices
libMobileGestalt.dylib
IOSurfaceAccelerator
WatchdogClient
libcompression.dylib
libDiagnosticMessagesClient.dylib
SystemConfiguration
CoreDisplay
CoreMedia
IOAccelerator
IOKit
Metal
CoreVideo
MetalPerformanceShaders
MultitouchSupport
Security
QuartzCore
libbsm.0.dylib
SoftLinking
CoreAnalytics
VideoToolbox
BaseBoard
FSEvents
CarbonCore
Metadata
OSServices
SearchKit
AE
LaunchServices
DictionaryServices
SharedFileList
libapple_nghttp2.dylib
libicucore.A.dylib
libnetwork.dylib
libsqlite3.dylib
libfakelink.dylib
libenergytrace.dylib
libkxld.dylib
libCoreEntitlements.dylib
AppleFSCompression
libcoretls.dylib
libcoretls_cfhelpers.dylib
libpam.2.dylib
libxar.1.dylib
CoreAutoLayout
DiskArbitration
libarchive.2.dylib
liblangid.dylib
AppleSystemInfo
IOMobileFramebuffer
libpcap.A.dylib
libdns_services.dylib
liblzma.5.dylib
libbz2.1.0.dylib
libiconv.2.dylib
libcharset.1.dylib
libCheckFix.dylib
TCC
CoreNLP
MetadataUtilities
libmecabra.dylib
libmecab.dylib
libCRFSuite.dylib
libgermantok.dylib
libThaiTokenizer.dylib
vImage
vecLib
libvMisc.dylib
libvDSP.dylib
libBLAS.dylib
libLAPACK.dylib
libLinearAlgebra.dylib
libSparseBLAS.dylib
libQuadrature.dylib
libBNNS.dylib
libSparse.dylib
LinguisticData
Lexicon
libChineseTokenizer.dylib
LanguageModeling
AppleSauce
CoreEmoji
libcmph.dylib
CFOpenDirectory
OpenDirectory
APFS
SecurityFoundation
libutil.dylib
CoreServicesStore
libapp_launch_measurement.dylib
libxslt.1.dylib
BackgroundTaskManagement
ProtocolBuffer
libate.dylib
libRadiance.dylib
libJPEG.dylib
libPng.dylib
libTIFF.dylib
libGIF.dylib
libJP2.dylib
libexpat.1.dylib
AppleJPEG
GPUWrangler
IOPresentment
DSExternalDisplay
libCoreFSCache.dylib
libGPUCompilerUtils.dylib
CMCaptureCore
libspindump.dylib
CoreAudio
AppServerSupport
perfdata
AudioToolboxCore
caulk
libAudioStatistics.dylib
SystemPolicy
libSMC.dylib
CoreMIDI
libAudioToolboxUtility.dylib
OSAServicesClient
libperfcheck.dylib
libmis.dylib
OpenGL
libGLU.dylib
libGFXShared.dylib
libGL.dylib
libGLImage.dylib
libCVMSPluginSupport.dylib
libCoreVMClient.dylib
MPSCore
MPSImage
MPSNeuralNetwork
MPSMatrix
MPSRayIntersector
MPSNDArray
MPSFunctions
MetalTools
AggregateDictionary
libIOReport.dylib
CoreImage
OpenCL
FaceCore
GraphVisualizer
FontServices
UniformTypeIdentifiers
OTSVG
libFontRegistry.dylib
libhvf.dylib
libXTFontStaticRegistryData.dylib
AppleVA
ATSUI
libcups.2.dylib
Kerberos
GSS
libresolv.9.dylib
Heimdal
libHeimdalProxy.dylib
Network
libheimdal-asn1.dylib
CommonAuth
AudioToolbox
AudioSession
MediaExperience
libSessionUtility.dylib
AudioResourceArbitration
PowerLog
CoreData
CoreUI
PerformanceAnalysis
TextureIO
CoreSVG
InternationalSupport
SpeechRecognitionCore
AudioUnit
libstdc++.6.dylib
Cocoa
AppKit
UIFoundation
RemoteViewServices
XCTTargetBootstrap
UserActivity
IconServices
DFRFoundation
DataDetectorsCore
TextInput
MobileKeyBag
IconFoundation
ForceFeedback
libSDL2-2.0.0.dylib
CoreHaptics
GameController
ExternalAccessory
AssertionServices
UserNotifications
CoreBluetooth
ReplayKit
IOBluetooth
IAP
BoardServices
ExtensionFoundation
PlugInKit
CoreUtils
CoreUtilsExtras
ViewBridge
AppleMediaServices
AVFoundation
SymptomPresentationFeed
Accounts
AppSupport
AuthKit
CrashReporterSupport
CryptoTokenKit
FeatureFlagsSupport
LocalAuthentication
SystemAdministration
UserManagement
SymptomAnalytics
CorePhoneNumbers
MultiverseSupport
RemoteServiceDiscovery
DiskManagement
AppleIDAuthSupport
AAAFoundation
KeychainCircle
RemoteXPC
MediaKit
DiscRecording
libCoreStorage.dylib
libcsfde.dylib
ProtectedCloudStorage
EFILogin
OctagonTrust
OSAnalytics
Symbolication
CoreSymbolication
MallocStackLogging
DebugSymbols
SharedUtils
login
MediaToolbox
DirectoryService
DiskImages
ServiceManagement
LoginUICore
libodfde.dylib
loginsupport
CoreAVCHD
MediaAccessibility
Mangrove
AlgosScoreFramework
CMPhoto
AppleVPA
CoreAUC
libcurl.4.dylib
libcrypto.46.dylib
libssl.48.dylib
LDAP
TrustEvaluationAgent
libsasl2.2.dylib
CoreDaemon
AppleSRP
AVFAudio
AVFCore
AVFCapture
AirPlaySync
CMImaging
Quagga
CMCapture
CoreMediaIO
Espresso
ANECompiler
AppleNeuralEngine
MIL
MetalPerformanceShadersGraph
ANEServices
libsandbox.1.dylib
libMatch.1.dylib
libncurses.5.4.dylib
BackBoardServices
FrontBoardServices